number,value,datetime_start,datetime_complete,duration,params_batch_size,params_cliprange,params_ent_coef,params_gamma,params_lamdba,params_lr,params_n_steps,params_noptepochs,state
0,1.023368239402771,2020-06-16 10:12:39.091375,2020-06-16 12:05:20.618218,0 days 01:52:41.526843000,256,0.4,0.001273620793731241,0.999,1.0,0.0013754616289035984,1024,50,COMPLETE
1,0.6605555415153503,2020-06-16 10:12:39.095137,2020-06-16 12:05:22.627969,0 days 01:52:43.532832000,128,0.3,4.543330180604212e-06,0.9999,0.99,0.03967175858343139,32,10,COMPLETE
2,0.4449686110019684,2020-06-16 10:12:39.097866,2020-06-16 13:12:42.601976,0 days 03:00:03.504110000,32,0.4,2.8561812923596104e-05,0.98,0.8,0.0011741090167595892,128,50,COMPLETE
3,0.2801150977611542,2020-06-16 10:12:39.100507,2020-06-16 12:05:36.384802,0 days 01:52:57.284295000,256,0.2,2.950846968218909e-06,0.9,0.99,0.09646315294374516,512,50,COMPLETE
4,0.35335028171539307,2020-06-16 10:12:39.103236,2020-06-16 12:21:20.397369,0 days 02:08:41.294133000,64,0.4,0.005345928322481197,0.995,1.0,0.0005086188909451205,128,30,COMPLETE
5,1.464572548866272,2020-06-16 10:12:39.105835,2020-06-16 12:13:50.461858,0 days 02:01:11.356023000,64,0.3,2.2244948594398875e-07,0.9999,0.99,0.11190087230918874,64,50,PRUNED
6,1.648313283920288,2020-06-16 10:12:39.108581,2020-06-16 11:50:42.758029,0 days 01:38:03.649448000,128,0.3,2.725227597332204e-07,0.95,0.95,0.26561632238223226,128,5,COMPLETE
7,1.6295865774154663,2020-06-16 10:12:39.111272,2020-06-16 12:07:44.662972,0 days 01:55:05.551700000,128,0.1,0.0005047285776184611,0.98,0.8,0.18425631893355324,512,30,COMPLETE
8,0.7838812470436096,2020-06-16 10:12:39.113972,2020-06-16 11:56:19.794707,0 days 01:43:40.680735000,32,0.3,0.0028155235002997056,0.995,0.98,0.00020487272551024792,2048,5,COMPLETE
9,0.6903703808784485,2020-06-16 10:12:39.116590,2020-06-16 12:06:17.307652,0 days 01:53:38.191062000,256,0.4,3.88055398080236e-08,0.98,0.9,1.4442344619093292e-05,128,30,COMPLETE
10,0.5693635940551758,2020-06-16 10:12:39.119207,2020-06-16 13:58:52.499055,0 days 03:46:13.379848000,128,0.2,3.0409980549761222e-05,0.95,0.9,0.0008593091076900036,16,50,COMPLETE
11,0.3489065170288086,2020-06-16 10:12:39.121970,2020-06-16 12:06:46.821033,0 days 01:54:07.699063000,128,0.1,0.0007754299540050374,0.9999,0.99,0.14246366315969072,2048,30,COMPLETE
12,0.349545955657959,2020-06-16 10:12:39.124663,2020-06-16 12:53:13.242976,0 days 02:40:34.118313000,64,0.2,1.2437433959328905e-07,0.99,0.95,0.0007322795005895935,16,20,COMPLETE
13,0.6504942774772644,2020-06-16 10:12:39.127368,2020-06-16 11:56:55.329973,0 days 01:44:16.202605000,32,0.1,0.00012757386265049717,0.9999,1.0,0.0027642774731984642,64,20,PRUNED
14,1.2197214365005493,2020-06-16 10:12:39.130402,2020-06-16 12:07:30.468887,0 days 01:54:51.338485000,128,0.1,3.0245699984143652e-05,0.98,1.0,0.04230489146488272,512,30,COMPLETE
15,1.0733630657196045,2020-06-16 10:12:39.133177,2020-06-16 11:54:52.107394,0 days 01:42:12.974217000,256,0.1,0.00038219607499889795,0.999,0.8,0.002339606926769039,1024,20,COMPLETE
16,0.3850402235984802,2020-06-16 10:12:39.135898,2020-06-16 12:23:09.641784,0 days 02:10:30.505886000,128,0.2,0.08424247293514775,0.95,0.95,0.06801500911078036,64,30,COMPLETE
17,0.5539866089820862,2020-06-16 10:12:39.138677,2020-06-16 11:57:14.685637,0 days 01:44:35.546960000,128,0.3,1.3047113997601151e-05,0.995,0.8,0.0004961619881591926,32,5,COMPLETE
18,0.037845417857170105,2020-06-16 10:12:39.141452,2020-06-16 12:09:27.940579,0 days 01:56:48.799127000,256,0.3,0.013840360301145483,0.9,0.9,0.0003499157559282683,64,20,COMPLETE
19,2.5331573486328125,2020-06-16 10:12:39.144174,2020-06-16 11:52:19.201923,0 days 01:39:40.057749000,128,0.2,0.001568978311643636,0.995,0.8,0.03250953312391431,1024,5,COMPLETE
20,0.7320480346679688,2020-06-16 10:12:39.146919,2020-06-16 12:03:48.703900,0 days 01:51:09.556981000,256,0.2,0.0004976536720280449,0.9999,0.95,0.5509327019459471,32,30,PRUNED
21,0.5145577788352966,2020-06-16 10:12:39.149796,2020-06-16 12:03:05.203714,0 days 01:50:26.053918000,256,0.1,7.651781580774651e-07,0.995,0.8,1.0414398477548291e-05,2048,50,COMPLETE
22,0.30699118971824646,2020-06-16 10:12:39.152802,2020-06-16 11:53:38.452455,0 days 01:40:59.299653000,256,0.3,0.03533666982582199,0.999,1.0,0.0862815072269818,1024,10,COMPLETE
23,1.0088553428649902,2020-06-16 10:12:39.155624,2020-06-16 11:57:40.135113,0 days 01:45:00.979489000,128,0.2,5.991400139235995e-06,0.995,0.98,0.021534544449291423,1024,50,PRUNED
24,0.8803714513778687,2020-06-16 10:12:39.158530,2020-06-16 11:53:57.715463,0 days 01:41:18.556933000,128,0.3,0.00123648408710298,0.995,1.0,0.1627460172290183,128,10,COMPLETE
25,0.13921836018562317,2020-06-16 10:12:39.161269,2020-06-16 12:22:09.740712,0 days 02:09:30.579443000,32,0.2,0.0001232062933817578,0.98,1.0,3.283372815373969e-05,1024,20,COMPLETE
26,1.3964920043945312,2020-06-16 10:12:39.164097,2020-06-16 11:47:09.111755,0 days 01:34:29.947658000,64,0.4,1.2550249271111677e-08,0.995,0.99,0.00532076897698979,2048,1,COMPLETE
27,0.5663783550262451,2020-06-16 10:12:39.166905,2020-06-16 12:42:50.158276,0 days 02:30:10.991371000,128,0.2,4.3983748663008857e-08,0.999,0.98,0.07759297064185988,64,50,COMPLETE
28,0.47931694984436035,2020-06-16 10:12:39.169643,2020-06-16 12:07:16.452258,0 days 01:54:37.282615000,128,0.4,1.248311514913865e-05,0.9,0.99,0.00939133259999511,2048,30,COMPLETE
29,0.5915526151657104,2020-06-16 10:12:39.172358,2020-06-16 11:48:23.865840,0 days 01:35:44.693482000,128,0.1,0.0031112935036829302,0.98,0.8,0.0021801887959365875,256,1,COMPLETE
30,0.08529174327850342,2020-06-16 10:12:39.175444,2020-06-16 12:22:03.768819,0 days 02:09:24.593375000,32,0.4,0.00012339765637846362,0.9999,0.98,0.9802594708530432,1024,20,COMPLETE
31,0.8461849093437195,2020-06-16 10:12:39.178363,2020-06-16 11:53:19.292288,0 days 01:40:40.113925000,128,0.3,8.404555234030663e-07,0.95,0.95,1.034122177726435e-05,1024,5,COMPLETE
32,0.931418240070343,2020-06-16 10:12:39.181424,2020-06-16 12:01:57.710423,0 days 01:49:18.528999000,128,0.1,1.6999080359374617e-07,0.9,0.92,0.23749253847195803,256,20,COMPLETE
33,0.12301752716302872,2020-06-16 10:12:39.184449,2020-06-16 11:49:24.256937,0 days 01:36:45.072488000,64,0.1,1.1713157975323471e-08,0.9,1.0,0.01082251036232246,128,1,COMPLETE
34,0.4448161721229553,2020-06-16 10:12:39.187264,2020-06-16 11:58:58.826529,0 days 01:46:19.639265000,128,0.4,0.00013613652943523407,0.9,0.98,0.5066662093091091,64,10,COMPLETE
35,0.4432668089866638,2020-06-16 10:12:39.190060,2020-06-16 12:20:21.122469,0 days 02:07:41.932409000,32,0.1,0.0019862973403783468,0.9,0.95,0.0006283405646902803,2048,20,COMPLETE
36,0.7490571141242981,2020-06-16 10:12:39.193476,2020-06-16 12:05:55.508600,0 days 01:53:16.315124000,32,0.4,0.0007193052384219743,0.9999,0.95,0.004476390473817253,512,10,COMPLETE
37,1.148407220840454,2020-06-16 10:12:39.197116,2020-06-16 11:50:24.080934,0 days 01:37:44.883818000,256,0.4,1.6409532331900663e-07,0.9,0.8,0.045692896836325034,128,5,COMPLETE
38,0.7061308026313782,2020-06-16 10:12:39.200155,2020-06-16 12:19:53.615858,0 days 02:07:14.415703000,128,0.1,1.7276700056273444e-05,0.95,0.8,0.0728276543135965,2048,50,COMPLETE
39,1.9530885219573975,2020-06-16 10:12:39.203058,2020-06-16 11:51:51.826508,0 days 01:39:12.623450000,32,0.3,1.34424376558716e-05,0.9,1.0,0.03724226591157145,16,1,COMPLETE
40,5.0825958251953125,2020-06-16 11:47:09.115137,2020-06-16 12:21:06.668872,0 days 00:33:57.553735000,256,0.1,7.114013610763489e-08,0.98,0.92,0.0076452549733348075,512,1,PRUNED
41,0.664854109287262,2020-06-16 11:48:23.869289,2020-06-16 13:26:01.919203,0 days 01:37:38.049914000,128,0.3,7.437841607942234e-05,0.9999,1.0,0.0030514427580687615,256,5,COMPLETE
42,0.5770875215530396,2020-06-16 11:49:24.270225,2020-06-16 13:31:34.252642,0 days 01:42:09.982417000,256,0.4,0.0015711852768023878,0.9,0.92,0.0243928330609571,512,20,COMPLETE
43,1.2562189102172852,2020-06-16 11:50:24.094131,2020-06-16 13:33:06.761891,0 days 01:42:42.667760000,32,0.2,2.0024129014088267e-07,0.99,1.0,0.011130394064831356,1024,5,COMPLETE
44,5.2397966384887695,2020-06-16 11:50:42.765436,2020-06-16 12:25:39.579726,0 days 00:34:56.814290000,128,0.2,0.0005981525366761466,0.999,0.8,1.5973717515013602e-05,512,5,PRUNED
45,0.3290773630142212,2020-06-16 11:51:51.835285,2020-06-16 13:29:19.935896,0 days 01:37:28.100611000,256,0.2,0.06562110106270774,0.95,0.92,0.09572697633320966,128,5,COMPLETE
46,2.0446503162384033,2020-06-16 11:52:19.206474,2020-06-16 12:46:44.162426,0 days 00:54:24.955952000,128,0.3,1.9151008778385003e-07,0.95,0.99,0.9849595883572734,64,50,PRUNED
47,0.9706001281738281,2020-06-16 11:53:19.307314,2020-06-16 12:31:49.072133,0 days 00:38:29.764819000,64,0.3,0.0003974898828317257,0.99,0.92,0.4927431909028227,64,10,PRUNED
48,2.48671555519104,2020-06-16 11:53:38.457955,2020-06-16 12:29:43.576236,0 days 00:36:05.118281000,128,0.1,8.781668609380316e-05,0.995,0.95,0.44849041551854324,2048,10,PRUNED
49,0.46002650260925293,2020-06-16 11:53:57.726460,2020-06-16 14:03:10.288393,0 days 02:09:12.561933000,64,0.1,1.2980147933141271e-08,0.99,0.92,0.00012850180407895145,32,50,COMPLETE
50,1.8379625082015991,2020-06-16 11:54:52.110433,2020-06-16 12:58:53.943573,0 days 01:04:01.833140000,64,0.1,0.03110103196847937,0.999,1.0,0.00012652011151994446,32,50,PRUNED
51,1.4020789861679077,2020-06-16 11:56:19.819047,2020-06-16 12:50:02.224643,0 days 00:53:42.405596000,64,0.1,0.0985336424583798,0.999,0.9,0.5610974556255641,64,50,PRUNED
52,0.3850402235984802,2020-06-16 11:56:56.707455,2020-06-16 13:51:36.617914,0 days 01:54:39.910459000,64,0.2,0.056882241634685415,0.999,0.92,0.8592711918235413,512,30,COMPLETE
53,0.3850402235984802,2020-06-16 11:57:14.691990,2020-06-16 13:51:47.728812,0 days 01:54:33.036822000,64,0.2,0.08853327383584934,0.999,0.9,0.9995549727492989,512,30,COMPLETE
54,0.3850402235984802,2020-06-16 11:57:41.309122,2020-06-16 13:52:54.236664,0 days 01:55:12.927542000,64,0.1,0.04185289818309705,0.999,0.9,0.8888258509746607,512,30,COMPLETE
55,0.3644285202026367,2020-06-16 11:58:58.851471,2020-06-16 13:52:32.121038,0 days 01:53:33.269567000,64,0.1,0.09556214603567395,0.999,0.9,0.7983951173725379,512,30,COMPLETE
56,0.7992762327194214,2020-06-16 12:01:57.718183,2020-06-16 12:55:19.230801,0 days 00:53:21.512618000,64,0.1,0.02435671058059081,0.999,0.9,0.9447770543463003,512,30,PRUNED
57,1.4090907573699951,2020-06-16 12:03:05.209665,2020-06-16 12:49:18.232905,0 days 00:46:13.023240000,64,0.1,0.0912262068064608,0.999,0.9,0.01019487086999498,512,30,PRUNED
58,0.746151328086853,2020-06-16 12:03:50.032456,2020-06-16 13:44:12.759700,0 days 01:40:22.727244000,64,0.1,0.01572837507731183,0.999,0.9,0.009580493725943785,512,10,COMPLETE
59,2.598355531692505,2020-06-16 12:05:20.620176,2020-06-16 12:43:00.684188,0 days 00:37:40.064012000,64,0.1,0.07581879071002683,0.99,0.9,0.009093062629557117,512,10,PRUNED
60,1.8897526264190674,2020-06-16 12:05:22.631239,2020-06-16 12:42:39.623406,0 days 00:37:16.992167000,64,0.4,0.018988634565309564,0.99,0.9,0.8987997964920137,64,10,PRUNED
61,0.5851911306381226,2020-06-16 12:05:36.386544,2020-06-16 13:39:09.114139,0 days 01:33:32.727595000,64,0.2,0.05285561085111117,0.99,0.9,0.009087217444284819,512,1,COMPLETE
62,2.330703020095825,2020-06-16 12:05:55.514758,2020-06-16 12:40:02.340923,0 days 00:34:06.826165000,64,0.2,0.06609042547772076,0.99,0.9,0.01257454777405265,512,1,PRUNED
63,0.008236990310251713,2020-06-16 12:06:17.316219,2020-06-16 14:00:25.345960,0 days 01:54:08.029741000,64,0.2,0.07930061358541166,0.99,0.99,0.008527666881833271,512,50,COMPLETE
64,1.4506638050079346,2020-06-16 12:06:46.831940,2020-06-16 12:45:32.051985,0 days 00:38:45.220045000,64,0.2,0.016747594825456933,0.99,1.0,0.010883408328317143,512,1,PRUNED
65,1.1100012063980103,2020-06-16 12:07:16.456897,2020-06-16 13:41:33.145745,0 days 01:34:16.688848000,64,0.2,0.059190433973481435,0.99,1.0,0.09339394209928328,16,1,COMPLETE
66,0.33759793639183044,2020-06-16 12:07:30.471744,2020-06-16 13:39:53.643318,0 days 01:32:23.171574000,64,0.2,0.039161086390379185,0.99,0.92,0.9780493247797346,512,1,COMPLETE
67,0.3850402235984802,2020-06-16 12:07:44.669001,2020-06-16 13:40:07.573147,0 days 01:32:22.904146000,64,0.2,0.05187889112284969,0.99,0.9,0.8965851019071435,512,1,COMPLETE
68,1.6585794687271118,2020-06-16 12:09:27.950833,2020-06-16 13:02:41.063510,0 days 00:53:13.112677000,64,0.2,0.08374274271672488,0.99,0.9,7.360731552569832e-05,64,50,PRUNED
69,1.1676183938980103,2020-06-16 12:13:51.819237,2020-06-16 13:53:53.577446,0 days 01:40:01.758209000,64,0.2,0.017241309550929496,0.99,0.9,7.045508627595485e-05,512,20,COMPLETE
70,4.135803699493408,2020-06-16 12:19:53.617580,2020-06-16 12:53:59.938341,0 days 00:34:06.320761000,64,0.2,0.04795725655563488,0.99,0.9,5.2148496444839464e-05,64,1,PRUNED
71,4.904274940490723,2020-06-16 12:20:21.127225,2020-06-16 13:00:36.435080,0 days 00:40:15.307855000,64,0.2,0.04374141522240085,0.99,0.9,4.7583225128869995e-05,16,1,PRUNED
72,0.7061308026313782,2020-06-16 12:21:07.805539,2020-06-16 13:47:08.334671,0 days 01:26:00.529132000,64,0.2,0.037877610478623196,0.99,0.9,4.8642803482597214e-05,64,10,PRUNED
73,1.3615005016326904,2020-06-16 12:21:20.400817,2020-06-16 12:59:01.993665,0 days 00:37:41.592848000,64,0.2,0.04297186961527952,0.99,0.9,7.504395034373239e-05,64,10,PRUNED
74,1.9102957248687744,2020-06-16 12:22:03.774915,2020-06-16 13:03:36.657203,0 days 00:41:32.882288000,64,0.2,0.08010595595720857,0.99,0.9,0.00017872493638558296,64,20,PRUNED
75,1.230672836303711,2020-06-16 12:22:09.742256,2020-06-16 13:03:51.309402,0 days 00:41:41.567146000,64,0.2,0.019762399719265286,0.99,0.9,4.852287349500569e-05,64,20,PRUNED
76,0.5184532403945923,2020-06-16 12:23:09.643442,2020-06-16 14:03:59.991533,0 days 01:40:50.348091000,64,0.2,0.011154764176135775,0.99,0.9,4.575832749812211e-05,16,20,COMPLETE
77,1.5627250671386719,2020-06-16 12:25:40.850983,2020-06-16 14:04:01.804639,0 days 01:38:20.953656000,64,0.2,0.022498458018829402,0.99,0.9,3.420172279001234e-05,16,20,COMPLETE
78,1.5390851497650146,2020-06-16 12:29:44.774306,2020-06-16 13:28:11.178599,0 days 00:58:26.404293000,64,0.2,0.012581101919780091,0.99,0.9,3.1853843260467816e-05,16,20,PRUNED
79,0.39010363817214966,2020-06-16 12:31:50.318801,2020-06-16 14:04:13.308300,0 days 01:32:22.989499000,64,0.2,0.007807353593626232,0.99,0.9,5.3112761382267965e-05,16,20,COMPLETE
80,1.1569993495941162,2020-06-16 12:40:03.935237,2020-06-16 13:36:18.343514,0 days 00:56:14.408277000,32,0.2,0.022004116677526664,0.9,0.9,6.070299341472194e-05,16,20,PRUNED
81,0.36619657278060913,2020-06-16 12:42:41.022676,2020-06-16 14:02:13.619866,0 days 01:19:32.597190000,32,0.2,0.013259732776739624,0.9,0.98,5.9544645660623156e-05,1024,20,COMPLETE
82,3.6609320640563965,2020-06-16 12:42:50.163363,2020-06-16 13:28:04.426754,0 days 00:45:14.263391000,32,0.2,8.281879943521561e-05,0.9,0.9,7.247933329306728e-05,1024,20,PRUNED
83,5.136627674102783,2020-06-16 12:43:01.889231,2020-06-16 13:28:49.911599,0 days 00:45:48.022368000,32,0.2,0.006525444964647847,0.9,1.0,7.26052796895792e-05,1024,20,PRUNED
84,1.1804912090301514,2020-06-16 12:45:33.334467,2020-06-16 13:31:09.683360,0 days 00:45:36.348893000,32,0.2,1.6208802263454766e-06,0.9,0.99,9.077731263436966e-05,1024,20,PRUNED
85,0.867597222328186,2020-06-16 12:46:45.480517,2020-06-16 13:53:34.682061,0 days 01:06:49.201544000,32,0.2,1.6792961870869102e-06,0.9,1.0,5.471530498371186e-05,1024,20,PRUNED
86,1.4040329456329346,2020-06-16 12:49:19.603184,2020-06-16 13:34:29.754948,0 days 00:45:10.151764000,32,0.2,6.686214478084568e-05,0.9,1.0,0.00012827793171161215,1024,20,PRUNED
87,0.2431478053331375,2020-06-16 12:50:03.592964,2020-06-16 14:03:23.956579,0 days 01:13:20.363615000,32,0.2,4.004948457296962e-06,0.9,1.0,5.248647462202578e-05,1024,20,COMPLETE
88,1.918667197227478,2020-06-16 12:53:13.246073,2020-06-16 13:37:23.841285,0 days 00:44:10.595212000,32,0.2,6.256608246876178e-05,0.9,1.0,5.805118515842355e-05,1024,20,PRUNED
89,0.7612848281860352,2020-06-16 12:54:01.210074,2020-06-16 13:38:00.014284,0 days 00:43:58.804210000,32,0.2,6.934260825189322e-07,0.9,1.0,0.0001274087134411215,1024,20,PRUNED
90,1.3740551471710205,2020-06-16 12:55:20.884653,2020-06-16 13:54:56.931257,0 days 00:59:36.046604000,256,0.3,7.418823777201715e-05,0.9,1.0,9.011794594346123e-05,1024,20,PRUNED
91,0.145681232213974,2020-06-16 12:58:55.272664,2020-06-16 14:00:15.177717,0 days 01:01:19.905053000,256,0.3,0.01081378927195837,0.9,1.0,0.0011999897798656704,1024,20,COMPLETE
92,2.65043306350708,2020-06-16 12:59:03.365787,2020-06-16 13:34:33.608835,0 days 00:35:30.243048000,256,0.3,0.008693617614142,0.9,1.0,0.0012423037589888155,1024,20,PRUNED
93,4.4471516609191895,2020-06-16 13:00:37.800162,2020-06-16 14:00:46.799873,0 days 01:00:08.999711000,256,0.3,0.010384209720554717,0.9,1.0,0.0002544013380403173,1024,20,COMPLETE
94,2.104984760284424,2020-06-16 13:02:42.598067,2020-06-16 13:37:31.149057,0 days 00:34:48.550990000,256,0.3,0.007020125182097319,0.9,1.0,0.00030233409711784585,1024,20,PRUNED
95,0.8321833610534668,2020-06-16 13:03:38.192522,2020-06-16 14:01:16.224228,0 days 00:57:38.031706000,256,0.3,0.006629708003540917,0.9,1.0,0.001131719721011854,1024,20,COMPLETE
96,1.3712600469589233,2020-06-16 13:03:52.568595,2020-06-16 13:38:25.263071,0 days 00:34:32.694476000,256,0.3,0.007446494717264584,0.9,1.0,0.0011348327859649185,1024,20,PRUNED
97,1.8704051971435547,2020-06-16 13:12:42.607168,2020-06-16 13:43:17.096671,0 days 00:30:34.489503000,256,0.3,0.005872984683163949,0.9,1.0,0.0010420066828881593,1024,20,PRUNED
98,0.45951682329177856,2020-06-16 13:26:01.925919,2020-06-16 14:03:36.797576,0 days 00:37:34.871657000,256,0.3,0.00997522767745373,0.9,1.0,0.018670455974883177,1024,20,COMPLETE
99,2.117849826812744,2020-06-16 13:28:05.985216,2020-06-16 13:52:38.808399,0 days 00:24:32.823183000,256,0.3,1.5960407889760788e-06,0.9,1.0,0.00150665648270936,1024,20,PRUNED
