number,value,datetime_start,datetime_complete,duration,params_cg_iters,params_ent_coef,params_gamma,params_lamdba,params_max_kl,params_timesteps_per_batch,params_vf_iters,params_vf_stepsize,state
0,2.583738327026367,2020-06-26 00:00:59.012646,2020-06-26 00:02:50.175062,0 days 00:01:51.162416000,30,0.010130230408794483,0.995,0.9,0.11630395714480306,512,20,0.01696174638729099,COMPLETE
1,1.9388635158538818,2020-06-26 00:02:50.175963,2020-06-26 00:04:12.234808,0 days 00:01:22.058845000,30,4.831596208381844e-06,0.9999,1.0,0.6053082080079019,4096,1,0.004410365667970984,COMPLETE
2,3.2179043292999268,2020-06-26 00:04:12.235736,2020-06-26 00:05:42.372154,0 days 00:01:30.136418000,30,2.300239849486517e-06,0.95,0.98,0.10386580256500279,512,1,0.0006937575128144786,COMPLETE
3,1.7728465795516968,2020-06-26 00:05:42.373125,2020-06-26 00:07:43.707127,0 days 00:02:01.334002000,30,1.699634491174657e-05,0.98,0.95,0.06236650188352654,128,1,3.902762553553292e-05,COMPLETE
4,2.585104465484619,2020-06-26 00:07:43.708091,2020-06-26 00:12:30.766880,0 days 00:04:47.058789000,20,7.99159708744152e-06,0.95,0.95,0.0013523525694052886,16,20,0.07433073841273528,COMPLETE
5,3.873974561691284,2020-06-26 00:12:30.767728,2020-06-26 00:16:12.628454,0 days 00:03:41.860726000,10,0.00021059520545246572,0.98,1.0,1.296399344054502e-06,16,20,0.012152621852509347,COMPLETE
6,2.7078051567077637,2020-06-26 00:16:12.629287,2020-06-26 00:17:44.399002,0 days 00:01:31.769715000,30,4.954073578738671e-08,0.95,0.9,0.25947259726504646,4096,10,0.01843742127649596,COMPLETE
7,4.272397041320801,2020-06-26 00:17:44.399905,2020-06-26 00:19:38.118831,0 days 00:01:53.718926000,10,1.6143528192274821e-06,0.9999,0.99,5.936873372035253e-06,64,20,0.007095513849771357,COMPLETE
8,1.9529632329940796,2020-06-26 00:19:38.119751,2020-06-26 00:21:43.009850,0 days 00:02:04.890099000,30,0.0003711352619121185,0.99,0.98,0.5671469641942559,256,20,0.9473224693917235,COMPLETE
9,2.3953700065612793,2020-06-26 00:21:43.010804,2020-06-26 00:23:15.671817,0 days 00:01:32.661013000,15,1.2965434798948996e-07,0.9,0.99,2.9278818805431125e-05,256,3,0.019127047981511353,COMPLETE
10,5.1046295166015625,2020-06-26 00:23:15.672708,2020-06-26 00:24:35.211510,0 days 00:01:19.538802000,15,0.0728327941547569,0.999,0.92,0.006637855772394468,128,5,1.6372704401390714e-05,PRUNED
11,2.287811756134033,2020-06-26 00:24:35.475933,2020-06-26 00:25:08.880419,0 days 00:00:33.404486000,30,7.081137766841749e-05,0.98,0.95,0.009788643504678203,4096,1,0.00020290899507499825,PRUNED
12,5.705045700073242,2020-06-26 00:25:09.104819,2020-06-26 00:26:28.378664,0 days 00:01:19.273845000,20,4.3183082367082875e-07,0.9999,0.8,0.9903998791315295,1024,1,1.0265284209853259e-05,COMPLETE
13,2.1888835430145264,2020-06-26 00:26:28.379565,2020-06-26 00:28:28.961509,0 days 00:02:00.581944000,30,0.001409061486918074,0.98,1.0,0.019686911309809717,128,1,0.00012172423897248456,COMPLETE
14,2.505211353302002,2020-06-26 00:28:28.962387,2020-06-26 00:29:48.813436,0 days 00:01:19.851049000,30,1.9339649123360192e-05,0.9999,1.0,0.00018691752343899447,2048,1,0.3004696967418091,COMPLETE
15,7.312878608703613,2020-06-26 00:29:48.814326,2020-06-26 00:31:06.025922,0 days 00:01:17.211596000,30,1.15877620675258e-05,0.98,0.95,0.03151688893447674,32,10,0.0017215772693809912,PRUNED
16,3.540182590484619,2020-06-26 00:31:06.341559,2020-06-26 00:31:34.929343,0 days 00:00:28.587784000,15,8.586588139759946e-07,0.9999,0.95,0.9054460605041738,4096,1,7.569330099624505e-05,PRUNED
17,3.5876147747039795,2020-06-26 00:31:35.208947,2020-06-26 00:32:11.582998,0 days 00:00:36.374051000,10,0.002186541605120188,0.99,1.0,0.0011929999357271454,128,5,0.0010480377136622802,PRUNED
18,2.9671173095703125,2020-06-26 00:32:11.892717,2020-06-26 00:34:16.004735,0 days 00:02:04.112018000,30,5.437334146500558e-05,0.999,0.8,0.05992218146248553,128,3,4.1283261931134074e-05,COMPLETE
19,3.9504895210266113,2020-06-26 00:34:16.005676,2020-06-26 00:35:37.140913,0 days 00:01:21.135237000,20,2.7344366659022246e-08,0.9,0.92,0.004694336137994251,4096,1,0.00035621011675633993,COMPLETE
20,2.058131456375122,2020-06-26 00:35:37.141815,2020-06-26 00:39:47.398406,0 days 00:04:10.256591000,30,1.0393014980963696e-08,0.995,1.0,0.20420876465262977,32,1,0.004344035554365021,COMPLETE
21,3.674543857574463,2020-06-26 00:39:47.399353,2020-06-26 00:41:52.794847,0 days 00:02:05.395494000,30,0.0004349989611029615,0.99,0.98,0.9642048598848132,256,20,0.9183302947342088,COMPLETE
22,2.7521674633026123,2020-06-26 00:41:52.795809,2020-06-26 00:43:36.612681,0 days 00:01:43.816872000,30,4.599116434915904e-06,0.99,0.98,0.34829268139177705,256,3,0.11047263996506156,COMPLETE
23,4.939299583435059,2020-06-26 00:43:36.613627,2020-06-26 00:45:01.706386,0 days 00:01:25.092759000,30,0.0002862190401252159,0.99,0.98,0.5018722287236149,1024,1,0.7893856088622734,COMPLETE
24,2.6812243461608887,2020-06-26 00:45:01.707335,2020-06-26 00:45:45.799533,0 days 00:00:44.092198000,30,4.2649004963336495e-05,0.99,0.98,0.06338459836157032,256,20,0.0686670884222974,PRUNED
25,3.134239912033081,2020-06-26 00:45:46.202640,2020-06-26 00:46:56.548305,0 days 00:01:10.345665000,30,0.008330342913751438,0.98,0.95,0.899441828382594,64,5,2.8250201661046673e-05,PRUNED
26,1.460412621498108,2020-06-26 00:46:57.031465,2020-06-26 00:48:28.685219,0 days 00:01:31.653754000,30,4.5352201541115255e-07,0.9999,0.99,0.02335661005526411,2048,10,0.0021294067527293362,COMPLETE
27,1.4550106525421143,2020-06-26 00:48:28.686149,2020-06-26 00:49:56.961137,0 days 00:01:28.274988000,10,2.9347191661139855e-07,0.9999,0.99,0.003239916443165543,2048,10,0.002699852526521052,COMPLETE
28,1.5372364521026611,2020-06-26 00:49:56.962027,2020-06-26 00:51:21.544086,0 days 00:01:24.582059000,10,2.4164440422553245e-07,0.9999,0.99,0.00022185154248452056,2048,10,0.000352094670855149,COMPLETE
29,2.028639316558838,2020-06-26 00:51:21.545004,2020-06-26 00:52:50.277800,0 days 00:01:28.732796000,10,1.8796671915744888e-07,0.9999,0.99,0.0001581716286497619,2048,10,0.0018393964139284983,COMPLETE
30,1.4768877029418945,2020-06-26 00:52:50.278774,2020-06-26 00:54:18.846858,0 days 00:01:28.568084000,10,2.7420664805777006e-07,0.9999,0.99,0.00038957244767332395,2048,10,0.0004620852121616759,COMPLETE
31,1.7321802377700806,2020-06-26 00:54:18.847817,2020-06-26 00:55:47.275608,0 days 00:01:28.427791000,10,2.2897618620680157e-07,0.9999,0.99,0.0002742565126378032,2048,10,0.0004214228691768749,COMPLETE
32,1.7842824459075928,2020-06-26 00:55:47.276540,2020-06-26 00:57:15.825156,0 days 00:01:28.548616000,10,5.575366110293098e-08,0.9999,0.99,0.002401206747593785,2048,10,0.0022101907537177778,COMPLETE
33,1.4531863927841187,2020-06-26 00:57:15.826084,2020-06-26 00:58:44.242284,0 days 00:01:28.416200000,10,1.1121163514349387e-08,0.9999,0.99,4.1331362684761104e-05,2048,10,0.000525550556027834,COMPLETE
34,1.4246159791946411,2020-06-26 00:58:44.243208,2020-06-26 01:00:12.448860,0 days 00:01:28.205652000,10,1.3036705103016744e-08,0.9999,0.99,5.041014011039913e-05,2048,10,0.0008941681504897198,COMPLETE
35,1.508664846420288,2020-06-26 01:00:12.449782,2020-06-26 01:01:41.178958,0 days 00:01:28.729176000,10,1.0444095199555595e-08,0.995,0.99,5.145054482407732e-05,2048,10,0.0008554327149766668,COMPLETE
36,1.4447219371795654,2020-06-26 01:01:41.179891,2020-06-26 01:03:09.192156,0 days 00:01:28.012265000,10,2.1538566032129114e-08,0.9999,0.99,1.0977055928624792e-05,2048,10,0.007088683109040153,COMPLETE
37,3.028337001800537,2020-06-26 01:03:09.193076,2020-06-26 01:03:41.160315,0 days 00:00:31.967239000,10,2.5910150019735044e-08,0.9999,0.9,9.960950722655644e-06,512,10,0.00757925572454719,PRUNED
38,1.1471219062805176,2020-06-26 01:03:41.681126,2020-06-26 01:05:08.085626,0 days 00:01:26.404500000,10,1.6261792880977647e-08,0.9999,0.99,1.3228450829057356e-06,2048,10,0.03755429324149827,COMPLETE
39,1.327597975730896,2020-06-26 01:05:08.086518,2020-06-26 01:06:36.911342,0 days 00:01:28.824824000,10,1.0305276094049273e-08,0.95,0.99,1.0852787583185048e-06,2048,10,0.02999605395728428,COMPLETE
40,2.9966964721679688,2020-06-26 01:06:36.912313,2020-06-26 01:10:18.097548,0 days 00:03:41.185235000,10,8.02288076014466e-08,0.95,0.99,1.158440872077294e-06,16,10,0.04649772426740411,COMPLETE
41,1.693860411643982,2020-06-26 01:10:18.098490,2020-06-26 01:11:46.725877,0 days 00:01:28.627387000,10,1.7707113392124973e-08,0.95,0.99,3.016395503032553e-06,2048,10,0.03456850662213709,COMPLETE
42,1.7976773977279663,2020-06-26 01:11:46.726825,2020-06-26 01:13:15.733664,0 days 00:01:29.006839000,10,1.1770001501956518e-08,0.95,0.99,1.6973682840746032e-05,2048,10,0.007840658649465287,COMPLETE
43,1.554711103439331,2020-06-26 01:13:15.734637,2020-06-26 01:14:43.616635,0 days 00:01:27.881998000,10,2.84651761914072e-08,0.95,0.99,2.2672363573863132e-06,2048,10,0.025471753028465556,COMPLETE
44,3.288639545440674,2020-06-26 01:14:43.617561,2020-06-26 01:15:15.898959,0 days 00:00:32.281398000,10,7.965519943606384e-08,0.9999,0.99,7.143944348979062e-05,2048,10,0.13244307596920005,PRUNED
45,3.123321533203125,2020-06-26 01:15:16.494988,2020-06-26 01:16:49.246318,0 days 00:01:32.751330000,10,4.1585524729443036e-08,0.9,0.99,6.791344218535358e-06,512,10,0.011413209973468669,COMPLETE
46,1.710384726524353,2020-06-26 01:16:49.247284,2020-06-26 01:18:18.378084,0 days 00:01:29.130800000,10,1.342399266602409e-08,0.9999,0.9,3.1129409868112226e-06,2048,10,0.004695074676738346,COMPLETE
47,3.784079074859619,2020-06-26 01:18:18.379021,2020-06-26 01:18:59.291324,0 days 00:00:40.912303000,10,1.0664579616813009e-07,0.9999,0.92,2.030936506486001e-05,64,10,0.2062517852065076,PRUNED
48,1.5373976230621338,2020-06-26 01:18:59.943140,2020-06-26 01:20:29.500482,0 days 00:01:29.557342000,20,1.0303833801797923e-08,0.999,0.99,6.0192973589527055e-05,2048,10,0.018089422900677374,COMPLETE
49,5.538811683654785,2020-06-26 01:20:29.501421,2020-06-26 01:24:42.783515,0 days 00:04:13.282094000,15,1.1678476570306542e-06,0.95,0.8,1.040454791849663e-06,16,10,0.001134775119276386,COMPLETE
50,1.643803596496582,2020-06-26 01:24:42.784450,2020-06-26 01:26:06.304081,0 days 00:01:23.519631000,10,4.4324204781344536e-08,0.9999,0.99,6.349687737038485e-06,2048,5,0.00019789231753896853,COMPLETE
51,1.5159351825714111,2020-06-26 01:26:06.305025,2020-06-26 01:27:35.244558,0 days 00:01:28.939533000,10,2.211212345868951e-08,0.9999,0.99,2.0159208939098696e-06,2048,10,0.003240202755477696,COMPLETE
52,2.370689630508423,2020-06-26 01:27:35.245520,2020-06-26 01:29:03.914128,0 days 00:01:28.668608000,10,4.772837049843212e-08,0.9999,0.99,0.0006940106256784984,2048,10,0.01098520810452434,COMPLETE
53,1.6487785577774048,2020-06-26 01:29:03.915101,2020-06-26 01:30:32.848121,0 days 00:01:28.933020000,10,2.603040814251262e-06,0.9999,0.99,0.00010068957185821566,2048,10,0.004305143416676455,COMPLETE
54,3.6176764965057373,2020-06-26 01:30:32.849075,2020-06-26 01:31:55.393546,0 days 00:01:22.544471000,10,1.0157312373903988e-08,0.9999,0.99,2.949663556760014e-05,1024,3,0.0006554987406143015,COMPLETE
55,3.3502445220947266,2020-06-26 01:31:55.394521,2020-06-26 01:32:48.676828,0 days 00:00:53.282307000,10,5.868451067218794e-07,0.995,0.99,1.2216433144895274e-05,32,10,0.04360345469159039,PRUNED
56,3.0049803256988525,2020-06-26 01:32:49.482547,2020-06-26 01:34:18.259345,0 days 00:01:28.776798000,10,1.1338394282265374e-07,0.9999,0.99,0.002579552469819821,2048,10,0.027380309990204528,COMPLETE
57,1.744645118713379,2020-06-26 01:34:18.260347,2020-06-26 01:35:47.421683,0 days 00:01:29.161336000,15,2.0207275339560436e-08,0.9,0.8,4.433717613038478e-06,2048,10,0.001399555144981476,COMPLETE
58,1.565365195274353,2020-06-26 01:35:47.422670,2020-06-26 01:37:17.296600,0 days 00:01:29.873930000,20,2.8545357173547856e-08,0.999,0.92,3.446250578973553e-05,2048,10,0.000213972910799245,COMPLETE
59,2.405945301055908,2020-06-26 01:37:17.297553,2020-06-26 01:38:57.185728,0 days 00:01:39.888175000,10,1.554932960406737e-08,0.9999,0.99,0.0005946255121937791,4096,20,0.014395429336607481,COMPLETE
60,1.66143798828125,2020-06-26 01:38:57.186610,2020-06-26 01:40:13.333529,0 days 00:01:16.146919000,10,5.979979549022776e-08,0.95,0.9,1.6438604479293741e-06,2048,3,0.003064027969550682,COMPLETE
61,1.5221421718597412,2020-06-26 01:40:13.334502,2020-06-26 01:41:42.455010,0 days 00:01:29.120508000,10,2.622839517251667e-06,0.9999,0.99,0.017555836669981357,2048,10,0.002824488331004094,COMPLETE
62,2.469294548034668,2020-06-26 01:41:42.455941,2020-06-26 01:42:14.458584,0 days 00:00:32.002643000,10,6.593276213965202e-07,0.9999,0.99,0.007256848885520959,2048,10,0.0006211858011314938,PRUNED
63,2.142599582672119,2020-06-26 01:42:15.229343,2020-06-26 01:43:44.498048,0 days 00:01:29.268705000,10,4.336757488205424e-07,0.9999,0.99,0.0160932830669366,2048,10,0.006495929639146027,COMPLETE
64,1.5963464975357056,2020-06-26 01:43:44.499037,2020-06-26 01:45:13.609957,0 days 00:01:29.110920000,10,5.668064316144037e-06,0.9999,0.99,0.00012135193536973278,2048,10,0.0013414882904022839,COMPLETE
65,2.534543991088867,2020-06-26 01:45:13.610902,2020-06-26 01:46:00.891653,0 days 00:00:47.280751000,30,1.6176908354400676e-07,0.9999,0.99,0.031105679408758302,128,10,0.05901529356006447,PRUNED
66,3.009539842605591,2020-06-26 01:46:01.856753,2020-06-26 01:48:16.130899,0 days 00:02:14.274146000,20,8.749791219711458e-05,0.98,1.0,1.2655817588618375e-05,64,5,0.002122419134482597,COMPLETE
67,1.8700088262557983,2020-06-26 01:48:16.131863,2020-06-26 01:49:51.144307,0 days 00:01:35.012444000,15,1.8631663649461627e-05,0.9999,0.95,0.0017819704489950492,512,10,0.0009266919391007956,COMPLETE
68,2.489588975906372,2020-06-26 01:49:51.145238,2020-06-26 01:50:44.066741,0 days 00:00:52.921503000,10,3.6028244346075227e-07,0.9999,0.99,0.120069310206117,32,10,0.0002528802998389429,PRUNED
69,1.4768877029418945,2020-06-26 01:50:44.949714,2020-06-26 01:52:13.036192,0 days 00:01:28.086478000,10,3.0756151041852235e-08,0.995,0.99,0.0031716570403526627,2048,10,0.0001291032645773957,COMPLETE
70,1.497652530670166,2020-06-26 01:52:13.037168,2020-06-26 01:53:57.028511,0 days 00:01:43.991343000,30,9.64916687622471e-08,0.9999,0.99,4.017978009254768e-06,1024,20,0.09037533595447753,COMPLETE
71,1.6793620586395264,2020-06-26 01:53:57.029465,2020-06-26 01:55:26.375882,0 days 00:01:29.346417000,10,3.467258214378732e-08,0.995,0.99,0.0036563312080906563,2048,10,0.00014308834106367192,COMPLETE
72,1.5279901027679443,2020-06-26 01:55:26.376879,2020-06-26 01:56:55.614858,0 days 00:01:29.237979000,10,1.531061381414366e-08,0.995,0.99,0.008312428043881074,2048,10,0.0001070623503253967,COMPLETE
73,2.4222567081451416,2020-06-26 01:56:55.615864,2020-06-26 01:57:27.694528,0 days 00:00:32.078664000,10,5.755274286017912e-08,0.995,0.99,0.004669213188927301,2048,10,0.0005064047390039878,PRUNED
74,2.2519423961639404,2020-06-26 01:57:28.651009,2020-06-26 01:58:57.679680,0 days 00:01:29.028671000,10,2.045682638757481e-08,0.995,0.99,0.011535045154829447,2048,10,0.005250121283223384,COMPLETE
75,1.7497056722640991,2020-06-26 01:58:57.680621,2020-06-26 02:00:26.787704,0 days 00:01:29.107083000,10,2.8555191072253976e-07,0.9999,0.99,0.0003358118260120849,2048,10,0.000333702699943868,COMPLETE
76,2.559746265411377,2020-06-26 02:00:26.788669,2020-06-26 02:01:01.907766,0 days 00:00:35.119097000,10,1.679611895637477e-06,0.9999,0.98,0.0004155960215611494,256,10,0.0015604647385075545,PRUNED
77,2.200324535369873,2020-06-26 02:01:02.958772,2020-06-26 02:02:21.225341,0 days 00:01:18.266569000,10,1.3522986687523712e-07,0.95,0.99,0.0008590220688478975,16,10,7.706094310017194e-05,PRUNED
78,1.6015536785125732,2020-06-26 02:02:22.317805,2020-06-26 02:03:54.552909,0 days 00:01:32.235104000,30,1.0246895627711984e-08,0.9,0.99,0.043684172338889896,2048,10,0.028033407178302945,COMPLETE
79,1.8683269023895264,2020-06-26 02:03:54.553917,2020-06-26 02:05:23.956307,0 days 00:01:29.402390000,10,0.06640550515594663,0.999,0.92,0.0013051255360872031,2048,10,0.0008357236785927516,COMPLETE
80,2.5720152854919434,2020-06-26 02:05:23.957280,2020-06-26 02:06:43.979660,0 days 00:01:20.022380000,10,7.229037983613182e-08,0.99,1.0,4.89697613209029e-05,2048,1,4.0633158402048906e-05,COMPLETE
81,1.6793620586395264,2020-06-26 02:06:43.980664,2020-06-26 02:08:13.430516,0 days 00:01:29.449852000,10,3.778297134013633e-08,0.9999,0.99,0.002850973500111326,2048,10,0.0005031905781023658,COMPLETE
82,1.5506070852279663,2020-06-26 02:08:13.431536,2020-06-26 02:09:42.655023,0 days 00:01:29.223487000,10,1.671439623393202e-07,0.9999,0.99,0.00013514317356675844,2048,10,0.010215349820354764,COMPLETE
83,1.65966796875,2020-06-26 02:09:42.655998,2020-06-26 02:11:12.014408,0 days 00:01:29.358410000,10,8.120628112787057e-07,0.9999,0.99,2.040498322109114e-05,2048,10,0.0024672257236842345,COMPLETE
84,1.4552459716796875,2020-06-26 02:11:12.015421,2020-06-26 02:12:41.566639,0 days 00:01:29.551218000,10,1.523804537440265e-08,0.9999,0.99,0.00021014980231945035,2048,10,0.003792623134306499,COMPLETE
85,1.6775470972061157,2020-06-26 02:12:41.567640,2020-06-26 02:14:12.133586,0 days 00:01:30.565946000,10,1.5705463676941524e-08,0.9999,0.99,7.389509527542799e-05,4096,10,0.0034709238984399543,COMPLETE
86,4.570519924163818,2020-06-26 02:14:12.134580,2020-06-26 02:15:36.298298,0 days 00:01:24.163718000,10,1.2763784220381436e-06,0.9999,0.95,0.00023708172872952474,2048,5,0.0011326499229724605,COMPLETE
87,2.8919129371643066,2020-06-26 02:15:36.299284,2020-06-26 02:16:06.279996,0 days 00:00:29.980712000,30,2.808686431820727e-08,0.95,0.99,0.001725622015914764,2048,3,0.007955902196695314,PRUNED
88,2.259181499481201,2020-06-26 02:16:07.514073,2020-06-26 02:16:46.142857,0 days 00:00:38.628784000,10,1.1162091180344358e-08,0.98,0.9,3.594735331113349e-05,128,10,0.019694494852842456,PRUNED
89,2.040426731109619,2020-06-26 02:16:47.269773,2020-06-26 02:18:15.889829,0 days 00:01:28.620056000,10,2.096430943449295e-08,0.995,0.99,9.975986057094963e-05,2048,10,2.474910533910258e-05,COMPLETE
90,3.888291120529175,2020-06-26 02:18:15.890806,2020-06-26 02:18:49.404902,0 days 00:00:33.514096000,20,2.3792537380361373e-07,0.9999,0.8,0.0003917938658934196,512,10,0.0019406012560294647,PRUNED
91,1.9492298364639282,2020-06-26 02:18:50.590175,2020-06-26 02:20:19.993404,0 days 00:01:29.403229000,10,3.772698843691295e-08,0.9999,0.99,0.0005116139173774681,2048,10,0.0002957450707412438,COMPLETE
92,3.353466033935547,2020-06-26 02:20:19.994421,2020-06-26 02:20:52.141458,0 days 00:00:32.147037000,10,1.0083919261640406e-08,0.9999,0.99,0.0008580901406373385,2048,10,0.005561648579404975,PRUNED
93,1.4834496974945068,2020-06-26 02:20:53.216053,2020-06-26 02:22:22.794458,0 days 00:01:29.578405000,10,8.054002316144826e-08,0.9999,0.99,0.00016816891639876406,2048,10,0.0001605193386859426,COMPLETE
94,1.5072755813598633,2020-06-26 02:22:22.795439,2020-06-26 02:23:52.458655,0 days 00:01:29.663216000,10,4.643176326266898e-07,0.9999,0.99,0.005122951070463008,2048,10,0.004125391338089585,COMPLETE
95,1.2399187088012695,2020-06-26 02:23:52.459619,2020-06-26 02:25:22.166340,0 days 00:01:29.706721000,10,1.5438074751160613e-08,0.9999,0.99,1.5161978168826112e-06,2048,10,0.000742526871858349,COMPLETE
96,5.480660915374756,2020-06-26 02:25:22.167349,2020-06-26 02:27:26.360702,0 days 00:02:04.193353000,15,1.7703689803086692e-08,0.9999,0.99,1.564500218931263e-06,64,10,0.0007854784296907092,COMPLETE
97,1.5815273523330688,2020-06-26 02:27:26.361703,2020-06-26 02:28:48.856773,0 days 00:01:22.495070000,10,2.671304850825833e-08,0.95,0.99,2.5727339067003793e-06,2048,10,0.0016318212517661902,COMPLETE
98,3.4279327392578125,2020-06-26 02:28:48.857671,2020-06-26 02:29:42.343295,0 days 00:00:53.485624000,10,1.098267985701033e-05,0.9999,0.99,4.918340832128851e-06,32,20,0.0004627037623390059,PRUNED
99,1.7700977325439453,2020-06-26 02:29:43.654293,2020-06-26 02:31:14.527107,0 days 00:01:30.872814000,10,1.2978581652124785e-08,0.9999,0.98,8.091361944618609e-06,1024,10,0.0418563507227452,COMPLETE
